# JRE version: Java(TM) SE Runtime Environment (8.0_141-b15) (build 1.8.0_141-b15)
# Java VM: Java HotSpot(TM) 64-Bit Server VM (25.141-b15 mixed mode linux-amd64 compressed oops)
Heap:
 PSYoungGen      total 138240K, used 60220K [0x00000000e6380000, 0x00000000f1500000, 0x0000000100000000)
  eden space 114688K, 37% used [0x00000000e6380000,0x00000000e8d0a570,0x00000000ed380000)
  from space 23552K, 75% used [0x00000000eec80000,0x00000000efdc4ad0,0x00000000f0380000)
  to   space 25600K, 0% used [0x00000000ed380000,0x00000000ed380000,0x00000000eec80000)
 ParOldGen       total 85504K, used 30107K [0x00000000b2a00000, 0x00000000b7d80000, 0x00000000e6380000)
  object space 85504K, 35% used [0x00000000b2a00000,0x00000000b4766d68,0x00000000b7d80000)
 Metaspace       used 33934K, capacity 34220K, committed 34560K, reserved 1079296K
  class space    used 4146K, capacity 4258K, committed 4352K, reserved 1048576K
GC Heap History (10 events):
Event: 1.115 GC heap before
{Heap before GC invocations=4 (full 1):
 PSYoungGen      total 44032K, used 2992K [0x00000000e6380000, 0x00000000eb980000, 0x0000000100000000)
  eden space 40960K, 0% used [0x00000000e6380000,0x00000000e6380000,0x00000000e8b80000)
  from space 3072K, 97% used [0x00000000e8b80000,0x00000000e8e6c210,0x00000000e8e80000)
  to   space 3072K, 0% used [0x00000000eb680000,0x00000000eb680000,0x00000000eb980000)
 ParOldGen       total 53248K, used 11590K [0x00000000b2a00000, 0x00000000b5e00000, 0x00000000e6380000)
  object space 53248K, 21% used [0x00000000b2a00000,0x00000000b3551880,0x00000000b5e00000)
 Metaspace       used 20935K, capacity 21126K, committed 21248K, reserved 1069056K
  class space    used 2454K, capacity 2533K, committed 2560K, reserved 1048576K
Event: 1.139 GC heap after
Heap after GC invocations=4 (full 1):
 PSYoungGen      total 44032K, used 0K [0x00000000e6380000, 0x00000000eb980000, 0x0000000100000000)
  eden space 40960K, 0% used [0x00000000e6380000,0x00000000e6380000,0x00000000e8b80000)
  from space 3072K, 0% used [0x00000000e8b80000,0x00000000e8b80000,0x00000000e8e80000)
  to   space 3072K, 0% used [0x00000000eb680000,0x00000000eb680000,0x00000000eb980000)
 ParOldGen       total 42496K, used 10485K [0x00000000b2a00000, 0x00000000b5380000, 0x00000000e6380000)
  object space 42496K, 24% used [0x00000000b2a00000,0x00000000b343d718,0x00000000b5380000)
 Metaspace       used 20935K, capacity 21126K, committed 21248K, reserved 1069056K
  class space    used 2454K, capacity 2533K, committed 2560K, reserved 1048576K
}
Event: 1.590 GC heap before
{Heap before GC invocations=5 (full 1):
 PSYoungGen      total 44032K, used 40960K [0x00000000e6380000, 0x00000000eb980000, 0x0000000100000000)
  eden space 40960K, 100% used [0x00000000e6380000,0x00000000e8b80000,0x00000000e8b80000)
  from space 3072K, 0% used [0x00000000e8b80000,0x00000000e8b80000,0x00000000e8e80000)
  to   space 3072K, 0% used [0x00000000eb680000,0x00000000eb680000,0x00000000eb980000)
 ParOldGen       total 42496K, used 10485K [0x00000000b2a00000, 0x00000000b5380000, 0x00000000e6380000)
  object space 42496K, 24% used [0x00000000b2a00000,0x00000000b343d718,0x00000000b5380000)
 Metaspace       used 24723K, capacity 25066K, committed 25216K, reserved 1071104K
  class space    used 3025K, capacity 3157K, committed 3200K, reserved 1048576K
Event: 1.599 GC heap after
Heap after GC invocations=5 (full 1):
 PSYoungGen      total 72704K, used 3068K [0x00000000e6380000, 0x00000000eb980000, 0x0000000100000000)
  eden space 69632K, 0% used [0x00000000e6380000,0x00000000e6380000,0x00000000ea780000)
  from space 3072K, 99% used [0x00000000eb680000,0x00000000eb97f3c8,0x00000000eb980000)
  to   space 3072K, 0% used [0x00000000eb380000,0x00000000eb380000,0x00000000eb680000)
 ParOldGen       total 42496K, used 17728K [0x00000000b2a00000, 0x00000000b5380000, 0x00000000e6380000)
  object space 42496K, 41% used [0x00000000b2a00000,0x00000000b3b500b0,0x00000000b5380000)
 Metaspace       used 24723K, capacity 25066K, committed 25216K, reserved 1071104K
  class space    used 3025K, capacity 3157K, committed 3200K, reserved 1048576K
}
Event: 2.190 GC heap before
{Heap before GC invocations=6 (full 1):
 PSYoungGen      total 72704K, used 72388K [0x00000000e6380000, 0x00000000eb980000, 0x0000000100000000)
  eden space 69632K, 99% used [0x00000000e6380000,0x00000000ea731ea8,0x00000000ea780000)
  from space 3072K, 99% used [0x00000000eb680000,0x00000000eb97f3c8,0x00000000eb980000)
  to   space 3072K, 0% used [0x00000000eb380000,0x00000000eb380000,0x00000000eb680000)
 ParOldGen       total 42496K, used 17728K [0x00000000b2a00000, 0x00000000b5380000, 0x00000000e6380000)
  object space 42496K, 41% used [0x00000000b2a00000,0x00000000b3b500b0,0x00000000b5380000)
 Metaspace       used 29502K, capacity 29814K, committed 30208K, reserved 1075200K
  class space    used 3640K, capacity 3737K, committed 3840K, reserved 1048576K
Event: 2.211 GC heap after
Heap after GC invocations=6 (full 1):
 PSYoungGen      total 84992K, used 3048K [0x00000000e6380000, 0x00000000f0380000, 0x0000000100000000)
  eden space 81920K, 0% used [0x00000000e6380000,0x00000000e6380000,0x00000000eb380000)
  from space 3072K, 99% used [0x00000000eb380000,0x00000000eb67a040,0x00000000eb680000)
  to   space 23552K, 0% used [0x00000000eec80000,0x00000000eec80000,0x00000000f0380000)
 ParOldGen       total 42496K, used 39329K [0x00000000b2a00000, 0x00000000b5380000, 0x00000000e6380000)
  object space 42496K, 92% used [0x00000000b2a00000,0x00000000b5068700,0x00000000b5380000)
 Metaspace       used 29502K, capacity 29814K, committed 30208K, reserved 1075200K
  class space    used 3640K, capacity 3737K, committed 3840K, reserved 1048576K
}
Event: 2.211 GC heap before
{Heap before GC invocations=7 (full 2):
 PSYoungGen      total 84992K, used 3048K [0x00000000e6380000, 0x00000000f0380000, 0x0000000100000000)
  eden space 81920K, 0% used [0x00000000e6380000,0x00000000e6380000,0x00000000eb380000)
  from space 3072K, 99% used [0x00000000eb380000,0x00000000eb67a040,0x00000000eb680000)
  to   space 23552K, 0% used [0x00000000eec80000,0x00000000eec80000,0x00000000f0380000)
 ParOldGen       total 42496K, used 39329K [0x00000000b2a00000, 0x00000000b5380000, 0x00000000e6380000)
  object space 42496K, 92% used [0x00000000b2a00000,0x00000000b5068700,0x00000000b5380000)
 Metaspace       used 29502K, capacity 29814K, committed 30208K, reserved 1075200K
  class space    used 3640K, capacity 3737K, committed 3840K, reserved 1048576K
Event: 2.248 GC heap after
Heap after GC invocations=7 (full 2):
 PSYoungGen      total 84992K, used 0K [0x00000000e6380000, 0x00000000f0380000, 0x0000000100000000)
  eden space 81920K, 0% used [0x00000000e6380000,0x00000000e6380000,0x00000000eb380000)
  from space 3072K, 0% used [0x00000000eb380000,0x00000000eb380000,0x00000000eb680000)
  to   space 23552K, 0% used [0x00000000eec80000,0x00000000eec80000,0x00000000f0380000)
 ParOldGen       total 85504K, used 30099K [0x00000000b2a00000, 0x00000000b7d80000, 0x00000000e6380000)
  object space 85504K, 35% used [0x00000000b2a00000,0x00000000b4764d68,0x00000000b7d80000)
 Metaspace       used 29502K, capacity 29814K, committed 30208K, reserved 1075200K
  class space    used 3640K, capacity 3737K, committed 3840K, reserved 1048576K
}
Event: 2.757 GC heap before
{Heap before GC invocations=8 (full 2):
 PSYoungGen      total 84992K, used 81920K [0x00000000e6380000, 0x00000000f0380000, 0x0000000100000000)
  eden space 81920K, 100% used [0x00000000e6380000,0x00000000eb380000,0x00000000eb380000)
  from space 3072K, 0% used [0x00000000eb380000,0x00000000eb380000,0x00000000eb680000)
  to   space 23552K, 0% used [0x00000000eec80000,0x00000000eec80000,0x00000000f0380000)
 ParOldGen       total 85504K, used 30099K [0x00000000b2a00000, 0x00000000b7d80000, 0x00000000e6380000)
  object space 85504K, 35% used [0x00000000b2a00000,0x00000000b4764d68,0x00000000b7d80000)
 Metaspace       used 33181K, capacity 33436K, committed 33664K, reserved 1079296K
  class space    used 4059K, capacity 4154K, committed 4224K, reserved 1048576K
Event: 2.772 GC heap after
Heap after GC invocations=8 (full 2):
 PSYoungGen      total 138240K, used 17682K [0x00000000e6380000, 0x00000000f1500000, 0x0000000100000000)
  eden space 114688K, 0% used [0x00000000e6380000,0x00000000e6380000,0x00000000ed380000)
  from space 23552K, 75% used [0x00000000eec80000,0x00000000efdc4ad0,0x00000000f0380000)
  to   space 25600K, 0% used [0x00000000ed380000,0x00000000ed380000,0x00000000eec80000)
 ParOldGen       total 85504K, used 30107K [0x00000000b2a00000, 0x00000000b7d80000, 0x00000000e6380000)
  object space 85504K, 35% used [0x00000000b2a00000,0x00000000b4766d68,0x00000000b7d80000)
 Metaspace       used 33181K, capacity 33436K, committed 33664K, reserved 1079296K
  class space    used 4059K, capacity 4154K, committed 4224K, reserved 1048576K
}

