# JRE version: Java(TM) SE Runtime Environment (8.0_141-b15) (build 1.8.0_141-b15)
# Java VM: Java HotSpot(TM) 64-Bit Server VM (25.141-b15 mixed mode linux-amd64 compressed oops)
Heap:
 PSYoungGen      total 84992K, used 3054K [0x00000000e6380000, 0x00000000ef300000, 0x0000000100000000)
  eden space 81920K, 0% used [0x00000000e6380000,0x00000000e6380000,0x00000000eb380000)
  from space 3072K, 99% used [0x00000000eb380000,0x00000000eb67b808,0x00000000eb680000)
  to   space 23552K, 0% used [0x00000000edc00000,0x00000000edc00000,0x00000000ef300000)
 ParOldGen       total 46592K, used 35430K [0x00000000b2a00000, 0x00000000b5780000, 0x00000000e6380000)
  object space 46592K, 76% used [0x00000000b2a00000,0x00000000b4c99a20,0x00000000b5780000)
 Metaspace       used 29482K, capacity 29750K, committed 29952K, reserved 1075200K
  class space    used 3639K, capacity 3737K, committed 3840K, reserved 1048576K
GC Heap History (10 events):
Event: 0.991 GC heap after
Heap after GC invocations=2 (full 0):
 PSYoungGen      total 44032K, used 3060K [0x00000000e6380000, 0x00000000e9180000, 0x0000000100000000)
  eden space 40960K, 0% used [0x00000000e6380000,0x00000000e6380000,0x00000000e8b80000)
  from space 3072K, 99% used [0x00000000e8e80000,0x00000000e917d180,0x00000000e9180000)
  to   space 3072K, 0% used [0x00000000e8b80000,0x00000000e8b80000,0x00000000e8e80000)
 ParOldGen       total 53248K, used 10062K [0x00000000b2a00000, 0x00000000b5e00000, 0x00000000e6380000)
  object space 53248K, 18% used [0x00000000b2a00000,0x00000000b33d3b40,0x00000000b5e00000)
 Metaspace       used 19690K, capacity 19910K, committed 20096K, reserved 1067008K
  class space    used 2316K, capacity 2405K, committed 2432K, reserved 1048576K
}
Event: 1.071 GC heap before
{Heap before GC invocations=3 (full 0):
 PSYoungGen      total 44032K, used 9509K [0x00000000e6380000, 0x00000000e9180000, 0x0000000100000000)
  eden space 40960K, 15% used [0x00000000e6380000,0x00000000e69cc590,0x00000000e8b80000)
  from space 3072K, 99% used [0x00000000e8e80000,0x00000000e917d180,0x00000000e9180000)
  to   space 3072K, 0% used [0x00000000e8b80000,0x00000000e8b80000,0x00000000e8e80000)
 ParOldGen       total 53248K, used 10062K [0x00000000b2a00000, 0x00000000b5e00000, 0x00000000e6380000)
  object space 53248K, 18% used [0x00000000b2a00000,0x00000000b33d3b40,0x00000000b5e00000)
 Metaspace       used 20929K, capacity 21126K, committed 21248K, reserved 1069056K
  class space    used 2455K, capacity 2533K, committed 2560K, reserved 1048576K
Event: 1.077 GC heap after
Heap after GC invocations=3 (full 0):
 PSYoungGen      total 44032K, used 3053K [0x00000000e6380000, 0x00000000eb980000, 0x0000000100000000)
  eden space 40960K, 0% used [0x00000000e6380000,0x00000000e6380000,0x00000000e8b80000)
  from space 3072K, 99% used [0x00000000e8b80000,0x00000000e8e7b6d0,0x00000000e8e80000)
  to   space 3072K, 0% used [0x00000000eb680000,0x00000000eb680000,0x00000000eb980000)
 ParOldGen       total 53248K, used 10617K [0x00000000b2a00000, 0x00000000b5e00000, 0x00000000e6380000)
  object space 53248K, 19% used [0x00000000b2a00000,0x00000000b345e470,0x00000000b5e00000)
 Metaspace       used 20929K, capacity 21126K, committed 21248K, reserved 1069056K
  class space    used 2455K, capacity 2533K, committed 2560K, reserved 1048576K
}
Event: 1.077 GC heap before
{Heap before GC invocations=4 (full 1):
 PSYoungGen      total 44032K, used 3053K [0x00000000e6380000, 0x00000000eb980000, 0x0000000100000000)
  eden space 40960K, 0% used [0x00000000e6380000,0x00000000e6380000,0x00000000e8b80000)
  from space 3072K, 99% used [0x00000000e8b80000,0x00000000e8e7b6d0,0x00000000e8e80000)
  to   space 3072K, 0% used [0x00000000eb680000,0x00000000eb680000,0x00000000eb980000)
 ParOldGen       total 53248K, used 10617K [0x00000000b2a00000, 0x00000000b5e00000, 0x00000000e6380000)
  object space 53248K, 19% used [0x00000000b2a00000,0x00000000b345e470,0x00000000b5e00000)
 Metaspace       used 20929K, capacity 21126K, committed 21248K, reserved 1069056K
  class space    used 2455K, capacity 2533K, committed 2560K, reserved 1048576K
Event: 1.105 GC heap after
Heap after GC invocations=4 (full 1):
 PSYoungGen      total 44032K, used 0K [0x00000000e6380000, 0x00000000eb980000, 0x0000000100000000)
  eden space 40960K, 0% used [0x00000000e6380000,0x00000000e6380000,0x00000000e8b80000)
  from space 3072K, 0% used [0x00000000e8b80000,0x00000000e8b80000,0x00000000e8e80000)
  to   space 3072K, 0% used [0x00000000eb680000,0x00000000eb680000,0x00000000eb980000)
 ParOldGen       total 46592K, used 7610K [0x00000000b2a00000, 0x00000000b5780000, 0x00000000e6380000)
  object space 46592K, 16% used [0x00000000b2a00000,0x00000000b316e848,0x00000000b5780000)
 Metaspace       used 20929K, capacity 21126K, committed 21248K, reserved 1069056K
  class space    used 2455K, capacity 2533K, committed 2560K, reserved 1048576K
}
Event: 1.511 GC heap before
{Heap before GC invocations=5 (full 1):
 PSYoungGen      total 44032K, used 40960K [0x00000000e6380000, 0x00000000eb980000, 0x0000000100000000)
  eden space 40960K, 100% used [0x00000000e6380000,0x00000000e8b80000,0x00000000e8b80000)
  from space 3072K, 0% used [0x00000000e8b80000,0x00000000e8b80000,0x00000000e8e80000)
  to   space 3072K, 0% used [0x00000000eb680000,0x00000000eb680000,0x00000000eb980000)
 ParOldGen       total 46592K, used 7610K [0x00000000b2a00000, 0x00000000b5780000, 0x00000000e6380000)
  object space 46592K, 16% used [0x00000000b2a00000,0x00000000b316e848,0x00000000b5780000)
 Metaspace       used 24717K, capacity 25002K, committed 25216K, reserved 1071104K
  class space    used 3025K, capacity 3157K, committed 3200K, reserved 1048576K
Event: 1.525 GC heap after
Heap after GC invocations=5 (full 1):
 PSYoungGen      total 67072K, used 3072K [0x00000000e6380000, 0x00000000eb980000, 0x0000000100000000)
  eden space 64000K, 0% used [0x00000000e6380000,0x00000000e6380000,0x00000000ea200000)
  from space 3072K, 100% used [0x00000000eb680000,0x00000000eb980000,0x00000000eb980000)
  to   space 3072K, 0% used [0x00000000eb380000,0x00000000eb380000,0x00000000eb680000)
 ParOldGen       total 46592K, used 15546K [0x00000000b2a00000, 0x00000000b5780000, 0x00000000e6380000)
  object space 46592K, 33% used [0x00000000b2a00000,0x00000000b392eb30,0x00000000b5780000)
 Metaspace       used 24717K, capacity 25002K, committed 25216K, reserved 1071104K
  class space    used 3025K, capacity 3157K, committed 3200K, reserved 1048576K
}
Event: 1.990 GC heap before
{Heap before GC invocations=6 (full 1):
 PSYoungGen      total 67072K, used 66918K [0x00000000e6380000, 0x00000000eb980000, 0x0000000100000000)
  eden space 64000K, 99% used [0x00000000e6380000,0x00000000ea1d9ae8,0x00000000ea200000)
  from space 3072K, 100% used [0x00000000eb680000,0x00000000eb980000,0x00000000eb980000)
  to   space 3072K, 0% used [0x00000000eb380000,0x00000000eb380000,0x00000000eb680000)
 ParOldGen       total 46592K, used 15546K [0x00000000b2a00000, 0x00000000b5780000, 0x00000000e6380000)
  object space 46592K, 33% used [0x00000000b2a00000,0x00000000b392eb30,0x00000000b5780000)
 Metaspace       used 29482K, capacity 29750K, committed 29952K, reserved 1075200K
  class space    used 3639K, capacity 3737K, committed 3840K, reserved 1048576K
Event: 2.006 GC heap after
Heap after GC invocations=6 (full 1):
 PSYoungGen      total 84992K, used 3054K [0x00000000e6380000, 0x00000000ef300000, 0x0000000100000000)
  eden space 81920K, 0% used [0x00000000e6380000,0x00000000e6380000,0x00000000eb380000)
  from space 3072K, 99% used [0x00000000eb380000,0x00000000eb67b808,0x00000000eb680000)
  to   space 23552K, 0% used [0x00000000edc00000,0x00000000edc00000,0x00000000ef300000)
 ParOldGen       total 46592K, used 35430K [0x00000000b2a00000, 0x00000000b5780000, 0x00000000e6380000)
  object space 46592K, 76% used [0x00000000b2a00000,0x00000000b4c99a20,0x00000000b5780000)
 Metaspace       used 29482K, capacity 29750K, committed 29952K, reserved 1075200K
  class space    used 3639K, capacity 3737K, committed 3840K, reserved 1048576K
}
Event: 2.006 GC heap before
{Heap before GC invocations=7 (full 2):
 PSYoungGen      total 84992K, used 3054K [0x00000000e6380000, 0x00000000ef300000, 0x0000000100000000)
  eden space 81920K, 0% used [0x00000000e6380000,0x00000000e6380000,0x00000000eb380000)
  from space 3072K, 99% used [0x00000000eb380000,0x00000000eb67b808,0x00000000eb680000)
  to   space 23552K, 0% used [0x00000000edc00000,0x00000000edc00000,0x00000000ef300000)
 ParOldGen       total 46592K, used 35430K [0x00000000b2a00000, 0x00000000b5780000, 0x00000000e6380000)
  object space 46592K, 76% used [0x00000000b2a00000,0x00000000b4c99a20,0x00000000b5780000)
 Metaspace       used 29482K, capacity 29750K, committed 29952K, reserved 1075200K
  class space    used 3639K, capacity 3737K, committed 3840K, reserved 1048576K

