# JRE version: Java(TM) SE Runtime Environment (8.0_141-b15) (build 1.8.0_141-b15)
# Java VM: Java HotSpot(TM) 64-Bit Server VM (25.141-b15 mixed mode linux-amd64 compressed oops)
Heap:
 PSYoungGen      total 84992K, used 65244K [0x00000000e6380000, 0x00000000efb80000, 0x0000000100000000)
  eden space 81920K, 79% used [0x00000000e6380000,0x00000000ea337078,0x00000000eb380000)
  from space 3072K, 0% used [0x00000000eb380000,0x00000000eb380000,0x00000000eb680000)
  to   space 24576K, 0% used [0x00000000ee380000,0x00000000ee380000,0x00000000efb80000)
 ParOldGen       total 95744K, used 30378K [0x00000000b2a00000, 0x00000000b8780000, 0x00000000e6380000)
  object space 95744K, 31% used [0x00000000b2a00000,0x00000000b47aa8e0,0x00000000b8780000)
 Metaspace       used 33791K, capacity 34088K, committed 34304K, reserved 1079296K
  class space    used 4144K, capacity 4264K, committed 4352K, reserved 1048576K
GC Heap History (10 events):
Event: 1.294 GC heap before
{Heap before GC invocations=3 (full 0):
 PSYoungGen      total 44032K, used 9674K [0x00000000e6380000, 0x00000000e9180000, 0x0000000100000000)
  eden space 40960K, 16% used [0x00000000e6380000,0x00000000e69f6488,0x00000000e8b80000)
  from space 3072K, 99% used [0x00000000e8e80000,0x00000000e917c428,0x00000000e9180000)
  to   space 3072K, 0% used [0x00000000e8b80000,0x00000000e8b80000,0x00000000e8e80000)
 ParOldGen       total 53248K, used 10246K [0x00000000b2a00000, 0x00000000b5e00000, 0x00000000e6380000)
  object space 53248K, 19% used [0x00000000b2a00000,0x00000000b34019f8,0x00000000b5e00000)
 Metaspace       used 20954K, capacity 21134K, committed 21248K, reserved 1069056K
  class space    used 2455K, capacity 2541K, committed 2560K, reserved 1048576K
Event: 1.301 GC heap after
Heap after GC invocations=3 (full 0):
 PSYoungGen      total 44032K, used 3065K [0x00000000e6380000, 0x00000000eb980000, 0x0000000100000000)
  eden space 40960K, 0% used [0x00000000e6380000,0x00000000e6380000,0x00000000e8b80000)
  from space 3072K, 99% used [0x00000000e8b80000,0x00000000e8e7e4a0,0x00000000e8e80000)
  to   space 3072K, 0% used [0x00000000eb680000,0x00000000eb680000,0x00000000eb980000)
 ParOldGen       total 53248K, used 10750K [0x00000000b2a00000, 0x00000000b5e00000, 0x00000000e6380000)
  object space 53248K, 20% used [0x00000000b2a00000,0x00000000b347fb20,0x00000000b5e00000)
 Metaspace       used 20954K, capacity 21134K, committed 21248K, reserved 1069056K
  class space    used 2455K, capacity 2541K, committed 2560K, reserved 1048576K
}
Event: 1.301 GC heap before
{Heap before GC invocations=4 (full 1):
 PSYoungGen      total 44032K, used 3065K [0x00000000e6380000, 0x00000000eb980000, 0x0000000100000000)
  eden space 40960K, 0% used [0x00000000e6380000,0x00000000e6380000,0x00000000e8b80000)
  from space 3072K, 99% used [0x00000000e8b80000,0x00000000e8e7e4a0,0x00000000e8e80000)
  to   space 3072K, 0% used [0x00000000eb680000,0x00000000eb680000,0x00000000eb980000)
 ParOldGen       total 53248K, used 10750K [0x00000000b2a00000, 0x00000000b5e00000, 0x00000000e6380000)
  object space 53248K, 20% used [0x00000000b2a00000,0x00000000b347fb20,0x00000000b5e00000)
 Metaspace       used 20954K, capacity 21134K, committed 21248K, reserved 1069056K
  class space    used 2455K, capacity 2541K, committed 2560K, reserved 1048576K
Event: 1.326 GC heap after
Heap after GC invocations=4 (full 1):
 PSYoungGen      total 44032K, used 0K [0x00000000e6380000, 0x00000000eb980000, 0x0000000100000000)
  eden space 40960K, 0% used [0x00000000e6380000,0x00000000e6380000,0x00000000e8b80000)
  from space 3072K, 0% used [0x00000000e8b80000,0x00000000e8b80000,0x00000000e8e80000)
  to   space 3072K, 0% used [0x00000000eb680000,0x00000000eb680000,0x00000000eb980000)
 ParOldGen       total 45568K, used 7566K [0x00000000b2a00000, 0x00000000b5680000, 0x00000000e6380000)
  object space 45568K, 16% used [0x00000000b2a00000,0x00000000b3163ac0,0x00000000b5680000)
 Metaspace       used 20954K, capacity 21134K, committed 21248K, reserved 1069056K
  class space    used 2455K, capacity 2541K, committed 2560K, reserved 1048576K
}
Event: 1.733 GC heap before
{Heap before GC invocations=5 (full 1):
 PSYoungGen      total 44032K, used 40960K [0x00000000e6380000, 0x00000000eb980000, 0x0000000100000000)
  eden space 40960K, 100% used [0x00000000e6380000,0x00000000e8b80000,0x00000000e8b80000)
  from space 3072K, 0% used [0x00000000e8b80000,0x00000000e8b80000,0x00000000e8e80000)
  to   space 3072K, 0% used [0x00000000eb680000,0x00000000eb680000,0x00000000eb980000)
 ParOldGen       total 45568K, used 7566K [0x00000000b2a00000, 0x00000000b5680000, 0x00000000e6380000)
  object space 45568K, 16% used [0x00000000b2a00000,0x00000000b3163ac0,0x00000000b5680000)
 Metaspace       used 24731K, capacity 25042K, committed 25216K, reserved 1071104K
  class space    used 3024K, capacity 3133K, committed 3200K, reserved 1048576K
Event: 1.742 GC heap after
Heap after GC invocations=5 (full 1):
 PSYoungGen      total 69120K, used 3049K [0x00000000e6380000, 0x00000000eb980000, 0x0000000100000000)
  eden space 66048K, 0% used [0x00000000e6380000,0x00000000e6380000,0x00000000ea400000)
  from space 3072K, 99% used [0x00000000eb680000,0x00000000eb97a620,0x00000000eb980000)
  to   space 3072K, 0% used [0x00000000eb380000,0x00000000eb380000,0x00000000eb680000)
 ParOldGen       total 45568K, used 15217K [0x00000000b2a00000, 0x00000000b5680000, 0x00000000e6380000)
  object space 45568K, 33% used [0x00000000b2a00000,0x00000000b38dc440,0x00000000b5680000)
 Metaspace       used 24731K, capacity 25042K, committed 25216K, reserved 1071104K
  class space    used 3024K, capacity 3133K, committed 3200K, reserved 1048576K
}
Event: 2.216 GC heap before
{Heap before GC invocations=6 (full 1):
 PSYoungGen      total 69120K, used 68911K [0x00000000e6380000, 0x00000000eb980000, 0x0000000100000000)
  eden space 66048K, 99% used [0x00000000e6380000,0x00000000ea3d1810,0x00000000ea400000)
  from space 3072K, 99% used [0x00000000eb680000,0x00000000eb97a620,0x00000000eb980000)
  to   space 3072K, 0% used [0x00000000eb380000,0x00000000eb380000,0x00000000eb680000)
 ParOldGen       total 45568K, used 15217K [0x00000000b2a00000, 0x00000000b5680000, 0x00000000e6380000)
  object space 45568K, 33% used [0x00000000b2a00000,0x00000000b38dc440,0x00000000b5680000)
 Metaspace       used 29484K, capacity 29758K, committed 29952K, reserved 1075200K
  class space    used 3639K, capacity 3745K, committed 3840K, reserved 1048576K
Event: 2.232 GC heap after
Heap after GC invocations=6 (full 1):
 PSYoungGen      total 84992K, used 3046K [0x00000000e6380000, 0x00000000efb80000, 0x0000000100000000)
  eden space 81920K, 0% used [0x00000000e6380000,0x00000000e6380000,0x00000000eb380000)
  from space 3072K, 99% used [0x00000000eb380000,0x00000000eb679838,0x00000000eb680000)
  to   space 24576K, 0% used [0x00000000ee380000,0x00000000ee380000,0x00000000efb80000)
 ParOldGen       total 45568K, used 36831K [0x00000000b2a00000, 0x00000000b5680000, 0x00000000e6380000)
  object space 45568K, 80% used [0x00000000b2a00000,0x00000000b4df7d98,0x00000000b5680000)
 Metaspace       used 29484K, capacity 29758K, committed 29952K, reserved 1075200K
  class space    used 3639K, capacity 3745K, committed 3840K, reserved 1048576K
}
Event: 2.232 GC heap before
{Heap before GC invocations=7 (full 2):
 PSYoungGen      total 84992K, used 3046K [0x00000000e6380000, 0x00000000efb80000, 0x0000000100000000)
  eden space 81920K, 0% used [0x00000000e6380000,0x00000000e6380000,0x00000000eb380000)
  from space 3072K, 99% used [0x00000000eb380000,0x00000000eb679838,0x00000000eb680000)
  to   space 24576K, 0% used [0x00000000ee380000,0x00000000ee380000,0x00000000efb80000)
 ParOldGen       total 45568K, used 36831K [0x00000000b2a00000, 0x00000000b5680000, 0x00000000e6380000)
  object space 45568K, 80% used [0x00000000b2a00000,0x00000000b4df7d98,0x00000000b5680000)
 Metaspace       used 29484K, capacity 29758K, committed 29952K, reserved 1075200K
  class space    used 3639K, capacity 3745K, committed 3840K, reserved 1048576K
Event: 2.272 GC heap after
Heap after GC invocations=7 (full 2):
 PSYoungGen      total 84992K, used 0K [0x00000000e6380000, 0x00000000efb80000, 0x0000000100000000)
  eden space 81920K, 0% used [0x00000000e6380000,0x00000000e6380000,0x00000000eb380000)
  from space 3072K, 0% used [0x00000000eb380000,0x00000000eb380000,0x00000000eb680000)
  to   space 24576K, 0% used [0x00000000ee380000,0x00000000ee380000,0x00000000efb80000)
 ParOldGen       total 95744K, used 30378K [0x00000000b2a00000, 0x00000000b8780000, 0x00000000e6380000)
  object space 95744K, 31% used [0x00000000b2a00000,0x00000000b47aa8e0,0x00000000b8780000)
 Metaspace       used 29484K, capacity 29758K, committed 29952K, reserved 1075200K
  class space    used 3639K, capacity 3745K, committed 3840K, reserved 1048576K
}

